<?xml version="1.0" encoding="UTF-8"?>
<!-- Generated by org.testng.reporters.JUnitReportReporter -->
<testsuite hostname="vasavi" failures="0" tests="1" name="testingFlight.SearchPageFlight" time="4.566" errors="0" timestamp="2023-05-09T11:00:42 IST" skipped="0">
  <testcase classname="testingFlight.SearchPageFlight" name="checkbox3" time="4.566"/>
  <system-out/>
</testsuite> <!-- testingFlight.SearchPageFlight -->
