<?xml version="1.0" encoding="UTF-8"?>
<!-- Generated by org.testng.reporters.JUnitReportReporter -->
<testsuite hostname="vasavi" failures="0" tests="3" name="framework.Annotation" time="0.011" errors="0" timestamp="2023-05-01T11:06:04 IST" skipped="0">
  <testcase classname="framework.Annotation" name="fruits" time="0.003"/>
  <system-out/>
  <testcase classname="framework.Annotation" name="colours" time="0.008"/>
  <system-out/>
  <testcase classname="framework.Annotation" name="vegetables" time="0.000"/>
  <system-out/>
</testsuite> <!-- framework.Annotation -->
