<?xml version="1.0" encoding="UTF-8"?>
<!-- Generated by org.testng.reporters.JUnitReportReporter -->
<testsuite hostname="vasavi" failures="0" tests="1" name="practice.TestNG" time="0.009" errors="0" timestamp="2023-04-28T16:55:51 IST" skipped="0">
  <testcase classname="practice.TestNG" name="Demo" time="0.009"/>
  <system-out/>
</testsuite> <!-- practice.TestNG -->
